<?xml version="1.0" encoding="UTF-8"?>
<testng-results skipped="0" failed="0" ignored="0" total="1" passed="1">
  <reporter-output>
  </reporter-output>
  <suite name="Default suite" duration-ms="9158" started-at="2019-10-18T15:43:58 CLST" finished-at="2019-10-18T15:44:07 CLST">
    <groups>
    </groups>
    <test name="Default test" duration-ms="9158" started-at="2019-10-18T15:43:58 CLST" finished-at="2019-10-18T15:44:07 CLST">
      <class name="AbstractaAcademy.HomePageTest">
        <test-method status="PASS" signature="Login()[pri:0, instance:AbstractaAcademy.HomePageTest@305fd85d]" name="Login" duration-ms="9126" started-at="2019-10-18T15:43:58 CLST" finished-at="2019-10-18T15:44:07 CLST">
          <reporter-output>
          </reporter-output>
        </test-method> <!-- Login -->
      </class> <!-- AbstractaAcademy.HomePageTest -->
    </test> <!-- Default test -->
  </suite> <!-- Default suite -->
</testng-results>
